Starting coarse data computation...
Processing year: 1950
Importing 12 files
Calculating pv mean
<xarray.Dataset> Size: 8GB
Dimensions:     (valid_time: 8760, latitude: 145, longitude: 261)
Coordinates:
    number      int64 8B 0
  * valid_time  (valid_time) datetime64[ns] 70kB 1950-01-01 ... 1950-12-31T23...
  * latitude    (latitude) float64 1kB 71.0 70.75 70.5 70.25 ... 35.5 35.25 35.0
  * longitude   (longitude) float64 2kB -25.0 -24.75 -24.5 ... 39.5 39.75 40.0
    expver      (valid_time) <U4 140kB dask.array<chunksize=(744,), meta=np.ndarray>
Data variables:
    t2m         (valid_time, latitude, longitude) float32 1GB dask.array<chunksize=(744, 45, 100), meta=np.ndarray>
    ssrd        (valid_time, latitude, longitude) float32 1GB dask.array<chunksize=(744, 45, 100), meta=np.ndarray>
    ssrdc       (valid_time, latitude, longitude) float32 1GB dask.array<chunksize=(744, 45, 100), meta=np.ndarray>
    u10         (valid_time, latitude, longitude) float32 1GB dask.array<chunksize=(744, 45, 100), meta=np.ndarray>
    v10         (valid_time, latitude, longitude) float32 1GB dask.array<chunksize=(744, 45, 100), meta=np.ndarray>
    wspd        (valid_time, latitude, longitude) float32 1GB dask.array<chunksize=(744, 45, 100), meta=np.ndarray>
Attributes:
    GRIB_centre:             ecmf
    GRIB_centreDescription:  European Centre for Medium-Range Weather Forecasts
    GRIB_subCentre:          0
    Conventions:             CF-1.7
    institution:             European Centre for Medium-Range Weather Forecasts
    history:                 2024-11-02T13:18 GRIB to CDM+CF via cfgrib-0.9.1...
Program took 15.7496 seconds
Processing year: 1951
Importing 12 files
Calculating pv mean
<xarray.Dataset> Size: 8GB
Dimensions:     (valid_time: 8760, latitude: 145, longitude: 261)
Coordinates:
    number      int64 8B 0
  * valid_time  (valid_time) datetime64[ns] 70kB 1951-01-01 ... 1951-12-31T23...
  * latitude    (latitude) float64 1kB 71.0 70.75 70.5 70.25 ... 35.5 35.25 35.0
  * longitude   (longitude) float64 2kB -25.0 -24.75 -24.5 ... 39.5 39.75 40.0
    expver      (valid_time) <U4 140kB dask.array<chunksize=(744,), meta=np.ndarray>
Data variables:
    t2m         (valid_time, latitude, longitude) float32 1GB dask.array<chunksize=(744, 45, 100), meta=np.ndarray>
    ssrd        (valid_time, latitude, longitude) float32 1GB dask.array<chunksize=(744, 45, 100), meta=np.ndarray>
    ssrdc       (valid_time, latitude, longitude) float32 1GB dask.array<chunksize=(744, 45, 100), meta=np.ndarray>
    u10         (valid_time, latitude, longitude) float32 1GB dask.array<chunksize=(744, 45, 100), meta=np.ndarray>
    v10         (valid_time, latitude, longitude) float32 1GB dask.array<chunksize=(744, 45, 100), meta=np.ndarray>
    wspd        (valid_time, latitude, longitude) float32 1GB dask.array<chunksize=(744, 45, 100), meta=np.ndarray>
Attributes:
    GRIB_centre:             ecmf
    GRIB_centreDescription:  European Centre for Medium-Range Weather Forecasts
    GRIB_subCentre:          0
    Conventions:             CF-1.7
    institution:             European Centre for Medium-Range Weather Forecasts
    history:                 2024-11-02T17:14 GRIB to CDM+CF via cfgrib-0.9.1...
Program took 14.5098 seconds
Processing year: 1952
Importing 12 files
Calculating pv mean
<xarray.Dataset> Size: 8GB
Dimensions:     (valid_time: 8784, latitude: 145, longitude: 261)
Coordinates:
    number      int64 8B 0
  * valid_time  (valid_time) datetime64[ns] 70kB 1952-01-01 ... 1952-12-31T23...
  * latitude    (latitude) float64 1kB 71.0 70.75 70.5 70.25 ... 35.5 35.25 35.0
  * longitude   (longitude) float64 2kB -25.0 -24.75 -24.5 ... 39.5 39.75 40.0
    expver      (valid_time) <U4 141kB dask.array<chunksize=(744,), meta=np.ndarray>
Data variables:
    t2m         (valid_time, latitude, longitude) float32 1GB dask.array<chunksize=(744, 45, 100), meta=np.ndarray>
    ssrd        (valid_time, latitude, longitude) float32 1GB dask.array<chunksize=(744, 45, 100), meta=np.ndarray>
    ssrdc       (valid_time, latitude, longitude) float32 1GB dask.array<chunksize=(744, 45, 100), meta=np.ndarray>
    u10         (valid_time, latitude, longitude) float32 1GB dask.array<chunksize=(744, 45, 100), meta=np.ndarray>
    v10         (valid_time, latitude, longitude) float32 1GB dask.array<chunksize=(744, 45, 100), meta=np.ndarray>
    wspd        (valid_time, latitude, longitude) float32 1GB dask.array<chunksize=(744, 45, 100), meta=np.ndarray>
Attributes:
    GRIB_centre:             ecmf
    GRIB_centreDescription:  European Centre for Medium-Range Weather Forecasts
    GRIB_subCentre:          0
    Conventions:             CF-1.7
    institution:             European Centre for Medium-Range Weather Forecasts
    history:                 2024-11-02T22:53 GRIB to CDM+CF via cfgrib-0.9.1...
Program took 15.4367 seconds
Processing year: 1953
Importing 12 files
Calculating pv mean
<xarray.Dataset> Size: 8GB
Dimensions:     (valid_time: 8760, latitude: 145, longitude: 261)
Coordinates:
    number      int64 8B 0
  * valid_time  (valid_time) datetime64[ns] 70kB 1953-01-01 ... 1953-12-31T23...
  * latitude    (latitude) float64 1kB 71.0 70.75 70.5 70.25 ... 35.5 35.25 35.0
  * longitude   (longitude) float64 2kB -25.0 -24.75 -24.5 ... 39.5 39.75 40.0
    expver      (valid_time) <U4 140kB dask.array<chunksize=(744,), meta=np.ndarray>
Data variables:
    t2m         (valid_time, latitude, longitude) float32 1GB dask.array<chunksize=(744, 45, 100), meta=np.ndarray>
    ssrd        (valid_time, latitude, longitude) float32 1GB dask.array<chunksize=(744, 45, 100), meta=np.ndarray>
    ssrdc       (valid_time, latitude, longitude) float32 1GB dask.array<chunksize=(744, 45, 100), meta=np.ndarray>
    u10         (valid_time, latitude, longitude) float32 1GB dask.array<chunksize=(744, 45, 100), meta=np.ndarray>
    v10         (valid_time, latitude, longitude) float32 1GB dask.array<chunksize=(744, 45, 100), meta=np.ndarray>
    wspd        (valid_time, latitude, longitude) float32 1GB dask.array<chunksize=(744, 45, 100), meta=np.ndarray>
Attributes:
    GRIB_centre:             ecmf
    GRIB_centreDescription:  European Centre for Medium-Range Weather Forecasts
    GRIB_subCentre:          0
    Conventions:             CF-1.7
    institution:             European Centre for Medium-Range Weather Forecasts
    history:                 2024-11-03T18:00 GRIB to CDM+CF via cfgrib-0.9.1...
Program took 14.2188 seconds
Processing year: 1954
Importing 12 files
Calculating pv mean
<xarray.Dataset> Size: 8GB
Dimensions:     (valid_time: 8760, latitude: 145, longitude: 261)
Coordinates:
    number      int64 8B 0
  * valid_time  (valid_time) datetime64[ns] 70kB 1954-01-01 ... 1954-12-31T23...
  * latitude    (latitude) float64 1kB 71.0 70.75 70.5 70.25 ... 35.5 35.25 35.0
  * longitude   (longitude) float64 2kB -25.0 -24.75 -24.5 ... 39.5 39.75 40.0
    expver      (valid_time) <U4 140kB dask.array<chunksize=(744,), meta=np.ndarray>
Data variables:
    t2m         (valid_time, latitude, longitude) float32 1GB dask.array<chunksize=(744, 45, 100), meta=np.ndarray>
    ssrd        (valid_time, latitude, longitude) float32 1GB dask.array<chunksize=(744, 45, 100), meta=np.ndarray>
    ssrdc       (valid_time, latitude, longitude) float32 1GB dask.array<chunksize=(744, 45, 100), meta=np.ndarray>
    u10         (valid_time, latitude, longitude) float32 1GB dask.array<chunksize=(744, 45, 100), meta=np.ndarray>
    v10         (valid_time, latitude, longitude) float32 1GB dask.array<chunksize=(744, 45, 100), meta=np.ndarray>
    wspd        (valid_time, latitude, longitude) float32 1GB dask.array<chunksize=(744, 45, 100), meta=np.ndarray>
Attributes:
    GRIB_centre:             ecmf
    GRIB_centreDescription:  European Centre for Medium-Range Weather Forecasts
    GRIB_subCentre:          0
    Conventions:             CF-1.7
    institution:             European Centre for Medium-Range Weather Forecasts
    history:                 2024-11-04T05:41 GRIB to CDM+CF via cfgrib-0.9.1...
Program took 14.7506 seconds
Processing year: 1955
Importing 12 files
Calculating pv mean
<xarray.Dataset> Size: 8GB
Dimensions:     (valid_time: 8760, latitude: 145, longitude: 261)
Coordinates:
    number      int64 8B 0
  * valid_time  (valid_time) datetime64[ns] 70kB 1955-01-01 ... 1955-12-31T23...
  * latitude    (latitude) float64 1kB 71.0 70.75 70.5 70.25 ... 35.5 35.25 35.0
  * longitude   (longitude) float64 2kB -25.0 -24.75 -24.5 ... 39.5 39.75 40.0
    expver      (valid_time) <U4 140kB dask.array<chunksize=(744,), meta=np.ndarray>
Data variables:
    t2m         (valid_time, latitude, longitude) float32 1GB dask.array<chunksize=(744, 45, 100), meta=np.ndarray>
    ssrd        (valid_time, latitude, longitude) float32 1GB dask.array<chunksize=(744, 45, 100), meta=np.ndarray>
    ssrdc       (valid_time, latitude, longitude) float32 1GB dask.array<chunksize=(744, 45, 100), meta=np.ndarray>
    u10         (valid_time, latitude, longitude) float32 1GB dask.array<chunksize=(744, 45, 100), meta=np.ndarray>
    v10         (valid_time, latitude, longitude) float32 1GB dask.array<chunksize=(744, 45, 100), meta=np.ndarray>
    wspd        (valid_time, latitude, longitude) float32 1GB dask.array<chunksize=(744, 45, 100), meta=np.ndarray>
Attributes:
    GRIB_centre:             ecmf
    GRIB_centreDescription:  European Centre for Medium-Range Weather Forecasts
    GRIB_subCentre:          0
    Conventions:             CF-1.7
    institution:             European Centre for Medium-Range Weather Forecasts
    history:                 2024-11-05T00:01 GRIB to CDM+CF via cfgrib-0.9.1...
Program took 14.7339 seconds
Processing year: 1956
Importing 12 files
Calculating pv mean
<xarray.Dataset> Size: 8GB
Dimensions:     (valid_time: 8784, latitude: 145, longitude: 261)
Coordinates:
    number      int64 8B 0
  * valid_time  (valid_time) datetime64[ns] 70kB 1956-01-01 ... 1956-12-31T23...
  * latitude    (latitude) float64 1kB 71.0 70.75 70.5 70.25 ... 35.5 35.25 35.0
  * longitude   (longitude) float64 2kB -25.0 -24.75 -24.5 ... 39.5 39.75 40.0
    expver      (valid_time) <U4 141kB dask.array<chunksize=(744,), meta=np.ndarray>
Data variables:
    t2m         (valid_time, latitude, longitude) float32 1GB dask.array<chunksize=(744, 45, 100), meta=np.ndarray>
    ssrd        (valid_time, latitude, longitude) float32 1GB dask.array<chunksize=(744, 45, 100), meta=np.ndarray>
    ssrdc       (valid_time, latitude, longitude) float32 1GB dask.array<chunksize=(744, 45, 100), meta=np.ndarray>
    u10         (valid_time, latitude, longitude) float32 1GB dask.array<chunksize=(744, 45, 100), meta=np.ndarray>
    v10         (valid_time, latitude, longitude) float32 1GB dask.array<chunksize=(744, 45, 100), meta=np.ndarray>
    wspd        (valid_time, latitude, longitude) float32 1GB dask.array<chunksize=(744, 45, 100), meta=np.ndarray>
Attributes:
    GRIB_centre:             ecmf
    GRIB_centreDescription:  European Centre for Medium-Range Weather Forecasts
    GRIB_subCentre:          0
    Conventions:             CF-1.7
    institution:             European Centre for Medium-Range Weather Forecasts
    history:                 2024-11-06T21:23 GRIB to CDM+CF via cfgrib-0.9.1...
Program took 14.1717 seconds
Processing year: 1957
Importing 12 files
Calculating pv mean
<xarray.Dataset> Size: 8GB
Dimensions:     (valid_time: 8760, latitude: 145, longitude: 261)
Coordinates:
    number      int64 8B 0
  * valid_time  (valid_time) datetime64[ns] 70kB 1957-01-01 ... 1957-12-31T23...
  * latitude    (latitude) float64 1kB 71.0 70.75 70.5 70.25 ... 35.5 35.25 35.0
  * longitude   (longitude) float64 2kB -25.0 -24.75 -24.5 ... 39.5 39.75 40.0
    expver      (valid_time) <U4 140kB dask.array<chunksize=(744,), meta=np.ndarray>
Data variables:
    t2m         (valid_time, latitude, longitude) float32 1GB dask.array<chunksize=(744, 45, 100), meta=np.ndarray>
    ssrd        (valid_time, latitude, longitude) float32 1GB dask.array<chunksize=(744, 45, 100), meta=np.ndarray>
    ssrdc       (valid_time, latitude, longitude) float32 1GB dask.array<chunksize=(744, 45, 100), meta=np.ndarray>
    u10         (valid_time, latitude, longitude) float32 1GB dask.array<chunksize=(744, 45, 100), meta=np.ndarray>
    v10         (valid_time, latitude, longitude) float32 1GB dask.array<chunksize=(744, 45, 100), meta=np.ndarray>
    wspd        (valid_time, latitude, longitude) float32 1GB dask.array<chunksize=(744, 45, 100), meta=np.ndarray>
Attributes:
    GRIB_centre:             ecmf
    GRIB_centreDescription:  European Centre for Medium-Range Weather Forecasts
    GRIB_subCentre:          0
    Conventions:             CF-1.7
    institution:             European Centre for Medium-Range Weather Forecasts
    history:                 2024-11-07T22:24 GRIB to CDM+CF via cfgrib-0.9.1...
Program took 14.4185 seconds
Processing year: 1958
Importing 12 files
Calculating pv mean
<xarray.Dataset> Size: 8GB
Dimensions:     (valid_time: 8760, latitude: 145, longitude: 261)
Coordinates:
    number      int64 8B 0
  * valid_time  (valid_time) datetime64[ns] 70kB 1958-01-01 ... 1958-12-31T23...
  * latitude    (latitude) float64 1kB 71.0 70.75 70.5 70.25 ... 35.5 35.25 35.0
  * longitude   (longitude) float64 2kB -25.0 -24.75 -24.5 ... 39.5 39.75 40.0
    expver      (valid_time) <U4 140kB dask.array<chunksize=(744,), meta=np.ndarray>
Data variables:
    t2m         (valid_time, latitude, longitude) float32 1GB dask.array<chunksize=(744, 45, 100), meta=np.ndarray>
    ssrd        (valid_time, latitude, longitude) float32 1GB dask.array<chunksize=(744, 45, 100), meta=np.ndarray>
    ssrdc       (valid_time, latitude, longitude) float32 1GB dask.array<chunksize=(744, 45, 100), meta=np.ndarray>
    u10         (valid_time, latitude, longitude) float32 1GB dask.array<chunksize=(744, 45, 100), meta=np.ndarray>
    v10         (valid_time, latitude, longitude) float32 1GB dask.array<chunksize=(744, 45, 100), meta=np.ndarray>
    wspd        (valid_time, latitude, longitude) float32 1GB dask.array<chunksize=(744, 45, 100), meta=np.ndarray>
Attributes:
    GRIB_centre:             ecmf
    GRIB_centreDescription:  European Centre for Medium-Range Weather Forecasts
    GRIB_subCentre:          0
    Conventions:             CF-1.7
    institution:             European Centre for Medium-Range Weather Forecasts
    history:                 2024-11-08T23:44 GRIB to CDM+CF via cfgrib-0.9.1...
Program took 14.8062 seconds
Processing year: 1959
Importing 12 files
Calculating pv mean
<xarray.Dataset> Size: 8GB
Dimensions:     (valid_time: 8760, latitude: 145, longitude: 261)
Coordinates:
    number      int64 8B 0
  * valid_time  (valid_time) datetime64[ns] 70kB 1959-01-01 ... 1959-12-31T23...
  * latitude    (latitude) float64 1kB 71.0 70.75 70.5 70.25 ... 35.5 35.25 35.0
  * longitude   (longitude) float64 2kB -25.0 -24.75 -24.5 ... 39.5 39.75 40.0
    expver      (valid_time) <U4 140kB dask.array<chunksize=(744,), meta=np.ndarray>
Data variables:
    t2m         (valid_time, latitude, longitude) float32 1GB dask.array<chunksize=(744, 45, 100), meta=np.ndarray>
    ssrd        (valid_time, latitude, longitude) float32 1GB dask.array<chunksize=(744, 45, 100), meta=np.ndarray>
    ssrdc       (valid_time, latitude, longitude) float32 1GB dask.array<chunksize=(744, 45, 100), meta=np.ndarray>
    u10         (valid_time, latitude, longitude) float32 1GB dask.array<chunksize=(744, 45, 100), meta=np.ndarray>
    v10         (valid_time, latitude, longitude) float32 1GB dask.array<chunksize=(744, 45, 100), meta=np.ndarray>
    wspd        (valid_time, latitude, longitude) float32 1GB dask.array<chunksize=(744, 45, 100), meta=np.ndarray>
Attributes:
    GRIB_centre:             ecmf
    GRIB_centreDescription:  European Centre for Medium-Range Weather Forecasts
    GRIB_subCentre:          0
    Conventions:             CF-1.7
    institution:             European Centre for Medium-Range Weather Forecasts
    history:                 2024-11-09T21:14 GRIB to CDM+CF via cfgrib-0.9.1...
Program took 14.0680 seconds
Processing year: 1960
Importing 12 files
Calculating pv mean
<xarray.Dataset> Size: 8GB
Dimensions:     (valid_time: 8784, latitude: 145, longitude: 261)
Coordinates:
    number      int64 8B 0
  * valid_time  (valid_time) datetime64[ns] 70kB 1960-01-01 ... 1960-12-31T23...
  * latitude    (latitude) float64 1kB 71.0 70.75 70.5 70.25 ... 35.5 35.25 35.0
  * longitude   (longitude) float64 2kB -25.0 -24.75 -24.5 ... 39.5 39.75 40.0
    expver      (valid_time) <U4 141kB dask.array<chunksize=(744,), meta=np.ndarray>
Data variables:
    t2m         (valid_time, latitude, longitude) float32 1GB dask.array<chunksize=(744, 45, 100), meta=np.ndarray>
    ssrd        (valid_time, latitude, longitude) float32 1GB dask.array<chunksize=(744, 45, 100), meta=np.ndarray>
    ssrdc       (valid_time, latitude, longitude) float32 1GB dask.array<chunksize=(744, 45, 100), meta=np.ndarray>
    u10         (valid_time, latitude, longitude) float32 1GB dask.array<chunksize=(744, 45, 100), meta=np.ndarray>
    v10         (valid_time, latitude, longitude) float32 1GB dask.array<chunksize=(744, 45, 100), meta=np.ndarray>
    wspd        (valid_time, latitude, longitude) float32 1GB dask.array<chunksize=(744, 45, 100), meta=np.ndarray>
Attributes:
    GRIB_centre:             ecmf
    GRIB_centreDescription:  European Centre for Medium-Range Weather Forecasts
    GRIB_subCentre:          0
    Conventions:             CF-1.7
    institution:             European Centre for Medium-Range Weather Forecasts
    history:                 2024-11-10T04:20 GRIB to CDM+CF via cfgrib-0.9.1...
Program took 13.5378 seconds
Processing year: 1961
Importing 0 files
Traceback (most recent call last):
  File "/home/yannickh00/ICM/Europe_Task/comp_coarse_cutting_pvpot.py", line 50, in <module>
    main(args.year, client)
  File "/home/yannickh00/ICM/Europe_Task/comp_coarse_cutting_pvpot.py", line 26, in main
    ds=xr.open_mfdataset(all_files,
       ^^^^^^^^^^^^^^^^^^^^^^^^^^^^
  File "/headless/jupyterhub/lib/python3.12/site-packages/xarray/backends/api.py", line 1541, in open_mfdataset
    raise OSError("no files to open")
OSError: no files to open
Error processing year 1961. Continuing to next year...
Processing year: 1962
Importing 0 files
Traceback (most recent call last):
  File "/home/yannickh00/ICM/Europe_Task/comp_coarse_cutting_pvpot.py", line 50, in <module>
    main(args.year, client)
  File "/home/yannickh00/ICM/Europe_Task/comp_coarse_cutting_pvpot.py", line 26, in main
    ds=xr.open_mfdataset(all_files,
       ^^^^^^^^^^^^^^^^^^^^^^^^^^^^
  File "/headless/jupyterhub/lib/python3.12/site-packages/xarray/backends/api.py", line 1541, in open_mfdataset
    raise OSError("no files to open")
OSError: no files to open
Error processing year 1962. Continuing to next year...
Processing year: 1963
Importing 0 files
Traceback (most recent call last):
  File "/home/yannickh00/ICM/Europe_Task/comp_coarse_cutting_pvpot.py", line 50, in <module>
    main(args.year, client)
  File "/home/yannickh00/ICM/Europe_Task/comp_coarse_cutting_pvpot.py", line 26, in main
    ds=xr.open_mfdataset(all_files,
       ^^^^^^^^^^^^^^^^^^^^^^^^^^^^
  File "/headless/jupyterhub/lib/python3.12/site-packages/xarray/backends/api.py", line 1541, in open_mfdataset
    raise OSError("no files to open")
OSError: no files to open
Error processing year 1963. Continuing to next year...
Processing year: 1964
Importing 0 files
Traceback (most recent call last):
  File "/home/yannickh00/ICM/Europe_Task/comp_coarse_cutting_pvpot.py", line 50, in <module>
    main(args.year, client)
  File "/home/yannickh00/ICM/Europe_Task/comp_coarse_cutting_pvpot.py", line 26, in main
    ds=xr.open_mfdataset(all_files,
       ^^^^^^^^^^^^^^^^^^^^^^^^^^^^
  File "/headless/jupyterhub/lib/python3.12/site-packages/xarray/backends/api.py", line 1541, in open_mfdataset
    raise OSError("no files to open")
OSError: no files to open
Error processing year 1964. Continuing to next year...
Processing year: 1965
Importing 0 files
Traceback (most recent call last):
  File "/home/yannickh00/ICM/Europe_Task/comp_coarse_cutting_pvpot.py", line 50, in <module>
    main(args.year, client)
  File "/home/yannickh00/ICM/Europe_Task/comp_coarse_cutting_pvpot.py", line 26, in main
    ds=xr.open_mfdataset(all_files,
       ^^^^^^^^^^^^^^^^^^^^^^^^^^^^
  File "/headless/jupyterhub/lib/python3.12/site-packages/xarray/backends/api.py", line 1541, in open_mfdataset
    raise OSError("no files to open")
OSError: no files to open
Error processing year 1965. Continuing to next year...
Processing year: 1966
Importing 0 files
Traceback (most recent call last):
  File "/home/yannickh00/ICM/Europe_Task/comp_coarse_cutting_pvpot.py", line 50, in <module>
    main(args.year, client)
  File "/home/yannickh00/ICM/Europe_Task/comp_coarse_cutting_pvpot.py", line 26, in main
    ds=xr.open_mfdataset(all_files,
       ^^^^^^^^^^^^^^^^^^^^^^^^^^^^
  File "/headless/jupyterhub/lib/python3.12/site-packages/xarray/backends/api.py", line 1541, in open_mfdataset
    raise OSError("no files to open")
OSError: no files to open
Error processing year 1966. Continuing to next year...
Processing year: 1967
Importing 0 files
Traceback (most recent call last):
  File "/home/yannickh00/ICM/Europe_Task/comp_coarse_cutting_pvpot.py", line 50, in <module>
    main(args.year, client)
  File "/home/yannickh00/ICM/Europe_Task/comp_coarse_cutting_pvpot.py", line 26, in main
    ds=xr.open_mfdataset(all_files,
       ^^^^^^^^^^^^^^^^^^^^^^^^^^^^
  File "/headless/jupyterhub/lib/python3.12/site-packages/xarray/backends/api.py", line 1541, in open_mfdataset
    raise OSError("no files to open")
OSError: no files to open
Error processing year 1967. Continuing to next year...
Processing year: 1968
Importing 0 files
Traceback (most recent call last):
  File "/home/yannickh00/ICM/Europe_Task/comp_coarse_cutting_pvpot.py", line 50, in <module>
    main(args.year, client)
  File "/home/yannickh00/ICM/Europe_Task/comp_coarse_cutting_pvpot.py", line 26, in main
    ds=xr.open_mfdataset(all_files,
       ^^^^^^^^^^^^^^^^^^^^^^^^^^^^
  File "/headless/jupyterhub/lib/python3.12/site-packages/xarray/backends/api.py", line 1541, in open_mfdataset
    raise OSError("no files to open")
OSError: no files to open
Error processing year 1968. Continuing to next year...
Processing year: 1969
Importing 0 files
Traceback (most recent call last):
  File "/home/yannickh00/ICM/Europe_Task/comp_coarse_cutting_pvpot.py", line 50, in <module>
    main(args.year, client)
  File "/home/yannickh00/ICM/Europe_Task/comp_coarse_cutting_pvpot.py", line 26, in main
    ds=xr.open_mfdataset(all_files,
       ^^^^^^^^^^^^^^^^^^^^^^^^^^^^
  File "/headless/jupyterhub/lib/python3.12/site-packages/xarray/backends/api.py", line 1541, in open_mfdataset
    raise OSError("no files to open")
OSError: no files to open
Error processing year 1969. Continuing to next year...
Processing year: 1970
Importing 0 files
Traceback (most recent call last):
  File "/home/yannickh00/ICM/Europe_Task/comp_coarse_cutting_pvpot.py", line 50, in <module>
    main(args.year, client)
  File "/home/yannickh00/ICM/Europe_Task/comp_coarse_cutting_pvpot.py", line 26, in main
    ds=xr.open_mfdataset(all_files,
       ^^^^^^^^^^^^^^^^^^^^^^^^^^^^
  File "/headless/jupyterhub/lib/python3.12/site-packages/xarray/backends/api.py", line 1541, in open_mfdataset
    raise OSError("no files to open")
OSError: no files to open
Error processing year 1970. Continuing to next year...
Processing year: 1971
Importing 0 files
Traceback (most recent call last):
  File "/home/yannickh00/ICM/Europe_Task/comp_coarse_cutting_pvpot.py", line 50, in <module>
    main(args.year, client)
  File "/home/yannickh00/ICM/Europe_Task/comp_coarse_cutting_pvpot.py", line 26, in main
    ds=xr.open_mfdataset(all_files,
       ^^^^^^^^^^^^^^^^^^^^^^^^^^^^
  File "/headless/jupyterhub/lib/python3.12/site-packages/xarray/backends/api.py", line 1541, in open_mfdataset
    raise OSError("no files to open")
OSError: no files to open
Error processing year 1971. Continuing to next year...
Processing year: 1972
Importing 0 files
Traceback (most recent call last):
  File "/home/yannickh00/ICM/Europe_Task/comp_coarse_cutting_pvpot.py", line 50, in <module>
    main(args.year, client)
  File "/home/yannickh00/ICM/Europe_Task/comp_coarse_cutting_pvpot.py", line 26, in main
    ds=xr.open_mfdataset(all_files,
       ^^^^^^^^^^^^^^^^^^^^^^^^^^^^
  File "/headless/jupyterhub/lib/python3.12/site-packages/xarray/backends/api.py", line 1541, in open_mfdataset
    raise OSError("no files to open")
OSError: no files to open
Error processing year 1972. Continuing to next year...
Processing year: 1973
Importing 0 files
Traceback (most recent call last):
  File "/home/yannickh00/ICM/Europe_Task/comp_coarse_cutting_pvpot.py", line 50, in <module>
    main(args.year, client)
  File "/home/yannickh00/ICM/Europe_Task/comp_coarse_cutting_pvpot.py", line 26, in main
    ds=xr.open_mfdataset(all_files,
       ^^^^^^^^^^^^^^^^^^^^^^^^^^^^
  File "/headless/jupyterhub/lib/python3.12/site-packages/xarray/backends/api.py", line 1541, in open_mfdataset
    raise OSError("no files to open")
OSError: no files to open
Error processing year 1973. Continuing to next year...
Processing year: 1974
Importing 0 files
Traceback (most recent call last):
  File "/home/yannickh00/ICM/Europe_Task/comp_coarse_cutting_pvpot.py", line 50, in <module>
    main(args.year, client)
  File "/home/yannickh00/ICM/Europe_Task/comp_coarse_cutting_pvpot.py", line 26, in main
    ds=xr.open_mfdataset(all_files,
       ^^^^^^^^^^^^^^^^^^^^^^^^^^^^
  File "/headless/jupyterhub/lib/python3.12/site-packages/xarray/backends/api.py", line 1541, in open_mfdataset
    raise OSError("no files to open")
OSError: no files to open
Error processing year 1974. Continuing to next year...
Processing year: 1975
Importing 0 files
Traceback (most recent call last):
  File "/home/yannickh00/ICM/Europe_Task/comp_coarse_cutting_pvpot.py", line 50, in <module>
    main(args.year, client)
  File "/home/yannickh00/ICM/Europe_Task/comp_coarse_cutting_pvpot.py", line 26, in main
    ds=xr.open_mfdataset(all_files,
       ^^^^^^^^^^^^^^^^^^^^^^^^^^^^
  File "/headless/jupyterhub/lib/python3.12/site-packages/xarray/backends/api.py", line 1541, in open_mfdataset
    raise OSError("no files to open")
OSError: no files to open
Error processing year 1975. Continuing to next year...
Processing year: 1976
Importing 0 files
Traceback (most recent call last):
  File "/home/yannickh00/ICM/Europe_Task/comp_coarse_cutting_pvpot.py", line 50, in <module>
    main(args.year, client)
  File "/home/yannickh00/ICM/Europe_Task/comp_coarse_cutting_pvpot.py", line 26, in main
    ds=xr.open_mfdataset(all_files,
       ^^^^^^^^^^^^^^^^^^^^^^^^^^^^
  File "/headless/jupyterhub/lib/python3.12/site-packages/xarray/backends/api.py", line 1541, in open_mfdataset
    raise OSError("no files to open")
OSError: no files to open
Error processing year 1976. Continuing to next year...
Processing year: 1977
Importing 0 files
Traceback (most recent call last):
  File "/home/yannickh00/ICM/Europe_Task/comp_coarse_cutting_pvpot.py", line 50, in <module>
    main(args.year, client)
  File "/home/yannickh00/ICM/Europe_Task/comp_coarse_cutting_pvpot.py", line 26, in main
    ds=xr.open_mfdataset(all_files,
       ^^^^^^^^^^^^^^^^^^^^^^^^^^^^
  File "/headless/jupyterhub/lib/python3.12/site-packages/xarray/backends/api.py", line 1541, in open_mfdataset
    raise OSError("no files to open")
OSError: no files to open
Error processing year 1977. Continuing to next year...
Processing year: 1978
Importing 0 files
Traceback (most recent call last):
  File "/home/yannickh00/ICM/Europe_Task/comp_coarse_cutting_pvpot.py", line 50, in <module>
    main(args.year, client)
  File "/home/yannickh00/ICM/Europe_Task/comp_coarse_cutting_pvpot.py", line 26, in main
    ds=xr.open_mfdataset(all_files,
       ^^^^^^^^^^^^^^^^^^^^^^^^^^^^
  File "/headless/jupyterhub/lib/python3.12/site-packages/xarray/backends/api.py", line 1541, in open_mfdataset
    raise OSError("no files to open")
OSError: no files to open
Error processing year 1978. Continuing to next year...
Processing year: 1979
Importing 2 files
Calculating pv mean
<xarray.Dataset> Size: 1GB
Dimensions:     (valid_time: 1416, latitude: 145, longitude: 261)
Coordinates:
    number      int64 8B 0
  * valid_time  (valid_time) datetime64[ns] 11kB 1979-01-01 ... 1979-02-28T23...
  * latitude    (latitude) float64 1kB 71.0 70.75 70.5 70.25 ... 35.5 35.25 35.0
  * longitude   (longitude) float64 2kB -25.0 -24.75 -24.5 ... 39.5 39.75 40.0
    expver      (valid_time) <U4 23kB dask.array<chunksize=(744,), meta=np.ndarray>
Data variables:
    t2m         (valid_time, latitude, longitude) float32 214MB dask.array<chunksize=(744, 45, 100), meta=np.ndarray>
    ssrd        (valid_time, latitude, longitude) float32 214MB dask.array<chunksize=(744, 45, 100), meta=np.ndarray>
    ssrdc       (valid_time, latitude, longitude) float32 214MB dask.array<chunksize=(744, 45, 100), meta=np.ndarray>
    u10         (valid_time, latitude, longitude) float32 214MB dask.array<chunksize=(744, 45, 100), meta=np.ndarray>
    v10         (valid_time, latitude, longitude) float32 214MB dask.array<chunksize=(744, 45, 100), meta=np.ndarray>
    wspd        (valid_time, latitude, longitude) float32 214MB dask.array<chunksize=(744, 45, 100), meta=np.ndarray>
Attributes:
    GRIB_centre:             ecmf
    GRIB_centreDescription:  European Centre for Medium-Range Weather Forecasts
    GRIB_subCentre:          0
    Conventions:             CF-1.7
    institution:             European Centre for Medium-Range Weather Forecasts
    history:                 2024-10-21T13:41 GRIB to CDM+CF via cfgrib-0.9.1...
Program took 4.7623 seconds
Processing year: 1980
Importing 0 files
Traceback (most recent call last):
  File "/home/yannickh00/ICM/Europe_Task/comp_coarse_cutting_pvpot.py", line 50, in <module>
    main(args.year, client)
  File "/home/yannickh00/ICM/Europe_Task/comp_coarse_cutting_pvpot.py", line 26, in main
    ds=xr.open_mfdataset(all_files,
       ^^^^^^^^^^^^^^^^^^^^^^^^^^^^
  File "/headless/jupyterhub/lib/python3.12/site-packages/xarray/backends/api.py", line 1541, in open_mfdataset
    raise OSError("no files to open")
OSError: no files to open
Error processing year 1980. Continuing to next year...
Processing year: 1981
Importing 0 files
Traceback (most recent call last):
  File "/home/yannickh00/ICM/Europe_Task/comp_coarse_cutting_pvpot.py", line 50, in <module>
    main(args.year, client)
  File "/home/yannickh00/ICM/Europe_Task/comp_coarse_cutting_pvpot.py", line 26, in main
    ds=xr.open_mfdataset(all_files,
       ^^^^^^^^^^^^^^^^^^^^^^^^^^^^
  File "/headless/jupyterhub/lib/python3.12/site-packages/xarray/backends/api.py", line 1541, in open_mfdataset
    raise OSError("no files to open")
OSError: no files to open
Error processing year 1981. Continuing to next year...
Processing year: 1982
Importing 0 files
Traceback (most recent call last):
  File "/home/yannickh00/ICM/Europe_Task/comp_coarse_cutting_pvpot.py", line 50, in <module>
    main(args.year, client)
  File "/home/yannickh00/ICM/Europe_Task/comp_coarse_cutting_pvpot.py", line 26, in main
    ds=xr.open_mfdataset(all_files,
       ^^^^^^^^^^^^^^^^^^^^^^^^^^^^
  File "/headless/jupyterhub/lib/python3.12/site-packages/xarray/backends/api.py", line 1541, in open_mfdataset
    raise OSError("no files to open")
OSError: no files to open
Error processing year 1982. Continuing to next year...
Processing year: 1983
Importing 0 files
Traceback (most recent call last):
  File "/home/yannickh00/ICM/Europe_Task/comp_coarse_cutting_pvpot.py", line 50, in <module>
    main(args.year, client)
  File "/home/yannickh00/ICM/Europe_Task/comp_coarse_cutting_pvpot.py", line 26, in main
    ds=xr.open_mfdataset(all_files,
       ^^^^^^^^^^^^^^^^^^^^^^^^^^^^
  File "/headless/jupyterhub/lib/python3.12/site-packages/xarray/backends/api.py", line 1541, in open_mfdataset
    raise OSError("no files to open")
OSError: no files to open
Error processing year 1983. Continuing to next year...
Processing year: 1984
Importing 0 files
Traceback (most recent call last):
  File "/home/yannickh00/ICM/Europe_Task/comp_coarse_cutting_pvpot.py", line 50, in <module>
    main(args.year, client)
  File "/home/yannickh00/ICM/Europe_Task/comp_coarse_cutting_pvpot.py", line 26, in main
    ds=xr.open_mfdataset(all_files,
       ^^^^^^^^^^^^^^^^^^^^^^^^^^^^
  File "/headless/jupyterhub/lib/python3.12/site-packages/xarray/backends/api.py", line 1541, in open_mfdataset
    raise OSError("no files to open")
OSError: no files to open
Error processing year 1984. Continuing to next year...
Processing year: 1985
Importing 0 files
Traceback (most recent call last):
  File "/home/yannickh00/ICM/Europe_Task/comp_coarse_cutting_pvpot.py", line 50, in <module>
    main(args.year, client)
  File "/home/yannickh00/ICM/Europe_Task/comp_coarse_cutting_pvpot.py", line 26, in main
    ds=xr.open_mfdataset(all_files,
       ^^^^^^^^^^^^^^^^^^^^^^^^^^^^
  File "/headless/jupyterhub/lib/python3.12/site-packages/xarray/backends/api.py", line 1541, in open_mfdataset
    raise OSError("no files to open")
OSError: no files to open
Error processing year 1985. Continuing to next year...
Processing year: 1986
Importing 0 files
Traceback (most recent call last):
  File "/home/yannickh00/ICM/Europe_Task/comp_coarse_cutting_pvpot.py", line 50, in <module>
    main(args.year, client)
  File "/home/yannickh00/ICM/Europe_Task/comp_coarse_cutting_pvpot.py", line 26, in main
    ds=xr.open_mfdataset(all_files,
       ^^^^^^^^^^^^^^^^^^^^^^^^^^^^
  File "/headless/jupyterhub/lib/python3.12/site-packages/xarray/backends/api.py", line 1541, in open_mfdataset
    raise OSError("no files to open")
OSError: no files to open
Error processing year 1986. Continuing to next year...
Processing year: 1987
Importing 0 files
Traceback (most recent call last):
  File "/home/yannickh00/ICM/Europe_Task/comp_coarse_cutting_pvpot.py", line 50, in <module>
    main(args.year, client)
  File "/home/yannickh00/ICM/Europe_Task/comp_coarse_cutting_pvpot.py", line 26, in main
    ds=xr.open_mfdataset(all_files,
       ^^^^^^^^^^^^^^^^^^^^^^^^^^^^
  File "/headless/jupyterhub/lib/python3.12/site-packages/xarray/backends/api.py", line 1541, in open_mfdataset
    raise OSError("no files to open")
OSError: no files to open
Error processing year 1987. Continuing to next year...
Processing year: 1988
Importing 0 files
Traceback (most recent call last):
  File "/home/yannickh00/ICM/Europe_Task/comp_coarse_cutting_pvpot.py", line 50, in <module>
    main(args.year, client)
  File "/home/yannickh00/ICM/Europe_Task/comp_coarse_cutting_pvpot.py", line 26, in main
    ds=xr.open_mfdataset(all_files,
       ^^^^^^^^^^^^^^^^^^^^^^^^^^^^
  File "/headless/jupyterhub/lib/python3.12/site-packages/xarray/backends/api.py", line 1541, in open_mfdataset
    raise OSError("no files to open")
OSError: no files to open
Error processing year 1988. Continuing to next year...
Processing year: 1989
Importing 0 files
Traceback (most recent call last):
  File "/home/yannickh00/ICM/Europe_Task/comp_coarse_cutting_pvpot.py", line 50, in <module>
    main(args.year, client)
  File "/home/yannickh00/ICM/Europe_Task/comp_coarse_cutting_pvpot.py", line 26, in main
    ds=xr.open_mfdataset(all_files,
       ^^^^^^^^^^^^^^^^^^^^^^^^^^^^
  File "/headless/jupyterhub/lib/python3.12/site-packages/xarray/backends/api.py", line 1541, in open_mfdataset
    raise OSError("no files to open")
OSError: no files to open
Error processing year 1989. Continuing to next year...
Processing year: 1990
Importing 0 files
Traceback (most recent call last):
  File "/home/yannickh00/ICM/Europe_Task/comp_coarse_cutting_pvpot.py", line 50, in <module>
    main(args.year, client)
  File "/home/yannickh00/ICM/Europe_Task/comp_coarse_cutting_pvpot.py", line 26, in main
    ds=xr.open_mfdataset(all_files,
       ^^^^^^^^^^^^^^^^^^^^^^^^^^^^
  File "/headless/jupyterhub/lib/python3.12/site-packages/xarray/backends/api.py", line 1541, in open_mfdataset
    raise OSError("no files to open")
OSError: no files to open
Error processing year 1990. Continuing to next year...
Processing year: 1991
Importing 0 files
Traceback (most recent call last):
  File "/home/yannickh00/ICM/Europe_Task/comp_coarse_cutting_pvpot.py", line 50, in <module>
    main(args.year, client)
  File "/home/yannickh00/ICM/Europe_Task/comp_coarse_cutting_pvpot.py", line 26, in main
    ds=xr.open_mfdataset(all_files,
       ^^^^^^^^^^^^^^^^^^^^^^^^^^^^
  File "/headless/jupyterhub/lib/python3.12/site-packages/xarray/backends/api.py", line 1541, in open_mfdataset
    raise OSError("no files to open")
OSError: no files to open
Error processing year 1991. Continuing to next year...
Processing year: 1992
Importing 0 files
Traceback (most recent call last):
  File "/home/yannickh00/ICM/Europe_Task/comp_coarse_cutting_pvpot.py", line 50, in <module>
    main(args.year, client)
  File "/home/yannickh00/ICM/Europe_Task/comp_coarse_cutting_pvpot.py", line 26, in main
    ds=xr.open_mfdataset(all_files,
       ^^^^^^^^^^^^^^^^^^^^^^^^^^^^
  File "/headless/jupyterhub/lib/python3.12/site-packages/xarray/backends/api.py", line 1541, in open_mfdataset
    raise OSError("no files to open")
OSError: no files to open
Error processing year 1992. Continuing to next year...
Processing year: 1993
Importing 0 files
Traceback (most recent call last):
  File "/home/yannickh00/ICM/Europe_Task/comp_coarse_cutting_pvpot.py", line 50, in <module>
    main(args.year, client)
  File "/home/yannickh00/ICM/Europe_Task/comp_coarse_cutting_pvpot.py", line 26, in main
    ds=xr.open_mfdataset(all_files,
       ^^^^^^^^^^^^^^^^^^^^^^^^^^^^
  File "/headless/jupyterhub/lib/python3.12/site-packages/xarray/backends/api.py", line 1541, in open_mfdataset
    raise OSError("no files to open")
OSError: no files to open
Error processing year 1993. Continuing to next year...
Processing year: 1994
Importing 0 files
Traceback (most recent call last):
  File "/home/yannickh00/ICM/Europe_Task/comp_coarse_cutting_pvpot.py", line 50, in <module>
    main(args.year, client)
  File "/home/yannickh00/ICM/Europe_Task/comp_coarse_cutting_pvpot.py", line 26, in main
    ds=xr.open_mfdataset(all_files,
       ^^^^^^^^^^^^^^^^^^^^^^^^^^^^
  File "/headless/jupyterhub/lib/python3.12/site-packages/xarray/backends/api.py", line 1541, in open_mfdataset
    raise OSError("no files to open")
OSError: no files to open
Error processing year 1994. Continuing to next year...
Processing year: 1995
Importing 0 files
Traceback (most recent call last):
  File "/home/yannickh00/ICM/Europe_Task/comp_coarse_cutting_pvpot.py", line 50, in <module>
    main(args.year, client)
  File "/home/yannickh00/ICM/Europe_Task/comp_coarse_cutting_pvpot.py", line 26, in main
    ds=xr.open_mfdataset(all_files,
       ^^^^^^^^^^^^^^^^^^^^^^^^^^^^
  File "/headless/jupyterhub/lib/python3.12/site-packages/xarray/backends/api.py", line 1541, in open_mfdataset
    raise OSError("no files to open")
OSError: no files to open
Error processing year 1995. Continuing to next year...
Processing year: 1996
Importing 0 files
Traceback (most recent call last):
  File "/home/yannickh00/ICM/Europe_Task/comp_coarse_cutting_pvpot.py", line 50, in <module>
    main(args.year, client)
  File "/home/yannickh00/ICM/Europe_Task/comp_coarse_cutting_pvpot.py", line 26, in main
    ds=xr.open_mfdataset(all_files,
       ^^^^^^^^^^^^^^^^^^^^^^^^^^^^
  File "/headless/jupyterhub/lib/python3.12/site-packages/xarray/backends/api.py", line 1541, in open_mfdataset
    raise OSError("no files to open")
OSError: no files to open
Error processing year 1996. Continuing to next year...
Processing year: 1997
Importing 0 files
Traceback (most recent call last):
  File "/home/yannickh00/ICM/Europe_Task/comp_coarse_cutting_pvpot.py", line 50, in <module>
    main(args.year, client)
  File "/home/yannickh00/ICM/Europe_Task/comp_coarse_cutting_pvpot.py", line 26, in main
    ds=xr.open_mfdataset(all_files,
       ^^^^^^^^^^^^^^^^^^^^^^^^^^^^
  File "/headless/jupyterhub/lib/python3.12/site-packages/xarray/backends/api.py", line 1541, in open_mfdataset
    raise OSError("no files to open")
OSError: no files to open
Error processing year 1997. Continuing to next year...
Processing year: 1998
Importing 0 files
Traceback (most recent call last):
  File "/home/yannickh00/ICM/Europe_Task/comp_coarse_cutting_pvpot.py", line 50, in <module>
    main(args.year, client)
  File "/home/yannickh00/ICM/Europe_Task/comp_coarse_cutting_pvpot.py", line 26, in main
    ds=xr.open_mfdataset(all_files,
       ^^^^^^^^^^^^^^^^^^^^^^^^^^^^
  File "/headless/jupyterhub/lib/python3.12/site-packages/xarray/backends/api.py", line 1541, in open_mfdataset
    raise OSError("no files to open")
OSError: no files to open
Error processing year 1998. Continuing to next year...
Processing year: 1999
Importing 0 files
Traceback (most recent call last):
  File "/home/yannickh00/ICM/Europe_Task/comp_coarse_cutting_pvpot.py", line 50, in <module>
    main(args.year, client)
  File "/home/yannickh00/ICM/Europe_Task/comp_coarse_cutting_pvpot.py", line 26, in main
    ds=xr.open_mfdataset(all_files,
       ^^^^^^^^^^^^^^^^^^^^^^^^^^^^
  File "/headless/jupyterhub/lib/python3.12/site-packages/xarray/backends/api.py", line 1541, in open_mfdataset
    raise OSError("no files to open")
OSError: no files to open
Error processing year 1999. Continuing to next year...
Processing year: 2000
Importing 12 files
Calculating pv mean
<xarray.Dataset> Size: 8GB
Dimensions:     (valid_time: 8784, latitude: 145, longitude: 261)
Coordinates:
    number      int64 8B 0
  * valid_time  (valid_time) datetime64[ns] 70kB 2000-01-01 ... 2000-12-31T23...
  * latitude    (latitude) float64 1kB 71.0 70.75 70.5 70.25 ... 35.5 35.25 35.0
  * longitude   (longitude) float64 2kB -25.0 -24.75 -24.5 ... 39.5 39.75 40.0
    expver      (valid_time) <U4 141kB dask.array<chunksize=(744,), meta=np.ndarray>
Data variables:
    t2m         (valid_time, latitude, longitude) float32 1GB dask.array<chunksize=(744, 45, 100), meta=np.ndarray>
    ssrd        (valid_time, latitude, longitude) float32 1GB dask.array<chunksize=(744, 45, 100), meta=np.ndarray>
    ssrdc       (valid_time, latitude, longitude) float32 1GB dask.array<chunksize=(744, 45, 100), meta=np.ndarray>
    u10         (valid_time, latitude, longitude) float32 1GB dask.array<chunksize=(744, 45, 100), meta=np.ndarray>
    v10         (valid_time, latitude, longitude) float32 1GB dask.array<chunksize=(744, 45, 100), meta=np.ndarray>
    wspd        (valid_time, latitude, longitude) float32 1GB dask.array<chunksize=(744, 45, 100), meta=np.ndarray>
Attributes:
    GRIB_centre:             ecmf
    GRIB_centreDescription:  European Centre for Medium-Range Weather Forecasts
    GRIB_subCentre:          0
    Conventions:             CF-1.7
    institution:             European Centre for Medium-Range Weather Forecasts
    history:                 2024-10-21T19:50 GRIB to CDM+CF via cfgrib-0.9.1...
Program took 14.1564 seconds
Processing year: 2001
Importing 12 files
Calculating pv mean
<xarray.Dataset> Size: 8GB
Dimensions:     (valid_time: 8760, latitude: 145, longitude: 261)
Coordinates:
    number      int64 8B 0
  * valid_time  (valid_time) datetime64[ns] 70kB 2001-01-01 ... 2001-12-31T23...
  * latitude    (latitude) float64 1kB 71.0 70.75 70.5 70.25 ... 35.5 35.25 35.0
  * longitude   (longitude) float64 2kB -25.0 -24.75 -24.5 ... 39.5 39.75 40.0
    expver      (valid_time) <U4 140kB dask.array<chunksize=(744,), meta=np.ndarray>
Data variables:
    t2m         (valid_time, latitude, longitude) float32 1GB dask.array<chunksize=(744, 45, 100), meta=np.ndarray>
    ssrd        (valid_time, latitude, longitude) float32 1GB dask.array<chunksize=(744, 45, 100), meta=np.ndarray>
    ssrdc       (valid_time, latitude, longitude) float32 1GB dask.array<chunksize=(744, 45, 100), meta=np.ndarray>
    u10         (valid_time, latitude, longitude) float32 1GB dask.array<chunksize=(744, 45, 100), meta=np.ndarray>
    v10         (valid_time, latitude, longitude) float32 1GB dask.array<chunksize=(744, 45, 100), meta=np.ndarray>
    wspd        (valid_time, latitude, longitude) float32 1GB dask.array<chunksize=(744, 45, 100), meta=np.ndarray>
Attributes:
    GRIB_centre:             ecmf
    GRIB_centreDescription:  European Centre for Medium-Range Weather Forecasts
    GRIB_subCentre:          0
    Conventions:             CF-1.7
    institution:             European Centre for Medium-Range Weather Forecasts
    history:                 2024-10-22T23:54 GRIB to CDM+CF via cfgrib-0.9.1...
Program took 13.9651 seconds
Processing year: 2002
Importing 12 files
Calculating pv mean
<xarray.Dataset> Size: 8GB
Dimensions:     (valid_time: 8760, latitude: 145, longitude: 261)
Coordinates:
    number      int64 8B 0
  * valid_time  (valid_time) datetime64[ns] 70kB 2002-01-01 ... 2002-12-31T23...
  * latitude    (latitude) float64 1kB 71.0 70.75 70.5 70.25 ... 35.5 35.25 35.0
  * longitude   (longitude) float64 2kB -25.0 -24.75 -24.5 ... 39.5 39.75 40.0
    expver      (valid_time) <U4 140kB dask.array<chunksize=(744,), meta=np.ndarray>
Data variables:
    t2m         (valid_time, latitude, longitude) float32 1GB dask.array<chunksize=(744, 45, 100), meta=np.ndarray>
    ssrd        (valid_time, latitude, longitude) float32 1GB dask.array<chunksize=(744, 45, 100), meta=np.ndarray>
    ssrdc       (valid_time, latitude, longitude) float32 1GB dask.array<chunksize=(744, 45, 100), meta=np.ndarray>
    u10         (valid_time, latitude, longitude) float32 1GB dask.array<chunksize=(744, 45, 100), meta=np.ndarray>
    v10         (valid_time, latitude, longitude) float32 1GB dask.array<chunksize=(744, 45, 100), meta=np.ndarray>
    wspd        (valid_time, latitude, longitude) float32 1GB dask.array<chunksize=(744, 45, 100), meta=np.ndarray>
Attributes:
    GRIB_centre:             ecmf
    GRIB_centreDescription:  European Centre for Medium-Range Weather Forecasts
    GRIB_subCentre:          0
    Conventions:             CF-1.7
    institution:             European Centre for Medium-Range Weather Forecasts
    history:                 2024-10-23T15:35 GRIB to CDM+CF via cfgrib-0.9.1...
Program took 13.5157 seconds
Processing year: 2003
Importing 12 files
Calculating pv mean
<xarray.Dataset> Size: 8GB
Dimensions:     (valid_time: 8760, latitude: 145, longitude: 261)
Coordinates:
    number      int64 8B 0
  * valid_time  (valid_time) datetime64[ns] 70kB 2003-01-01 ... 2003-12-31T23...
  * latitude    (latitude) float64 1kB 71.0 70.75 70.5 70.25 ... 35.5 35.25 35.0
  * longitude   (longitude) float64 2kB -25.0 -24.75 -24.5 ... 39.5 39.75 40.0
    expver      (valid_time) <U4 140kB dask.array<chunksize=(744,), meta=np.ndarray>
Data variables:
    t2m         (valid_time, latitude, longitude) float32 1GB dask.array<chunksize=(744, 45, 100), meta=np.ndarray>
    ssrd        (valid_time, latitude, longitude) float32 1GB dask.array<chunksize=(744, 45, 100), meta=np.ndarray>
    ssrdc       (valid_time, latitude, longitude) float32 1GB dask.array<chunksize=(744, 45, 100), meta=np.ndarray>
    u10         (valid_time, latitude, longitude) float32 1GB dask.array<chunksize=(744, 45, 100), meta=np.ndarray>
    v10         (valid_time, latitude, longitude) float32 1GB dask.array<chunksize=(744, 45, 100), meta=np.ndarray>
    wspd        (valid_time, latitude, longitude) float32 1GB dask.array<chunksize=(744, 45, 100), meta=np.ndarray>
Attributes:
    GRIB_centre:             ecmf
    GRIB_centreDescription:  European Centre for Medium-Range Weather Forecasts
    GRIB_subCentre:          0
    Conventions:             CF-1.7
    institution:             European Centre for Medium-Range Weather Forecasts
    history:                 2024-10-25T06:19 GRIB to CDM+CF via cfgrib-0.9.1...
Program took 13.9401 seconds
Processing year: 2004
Importing 12 files
Calculating pv mean
2025-01-19 13:08:57,327 - distributed.worker - ERROR - Failed to communicate with scheduler during heartbeat.
Traceback (most recent call last):
  File "/home/yannickh00/.local/lib/python3.12/site-packages/distributed/comm/tcp.py", line 225, in read
    frames_nosplit_nbytes_bin = await stream.read_bytes(fmt_size)
                                ^^^^^^^^^^^^^^^^^^^^^^^^^^^^^^^^^
tornado.iostream.StreamClosedError: Stream is closed

The above exception was the direct cause of the following exception:

Traceback (most recent call last):
  File "/home/yannickh00/.local/lib/python3.12/site-packages/distributed/worker.py", line 1269, in heartbeat
    response = await retry_operation(
               ^^^^^^^^^^^^^^^^^^^^^^
  File "/home/yannickh00/.local/lib/python3.12/site-packages/distributed/utils_comm.py", line 441, in retry_operation
    return await retry(
           ^^^^^^^^^^^^
  File "/home/yannickh00/.local/lib/python3.12/site-packages/distributed/utils_comm.py", line 420, in retry
    return await coro()
           ^^^^^^^^^^^^
  File "/home/yannickh00/.local/lib/python3.12/site-packages/distributed/core.py", line 1259, in send_recv_from_rpc
    return await send_recv(comm=comm, op=key, **kwargs)
           ^^^^^^^^^^^^^^^^^^^^^^^^^^^^^^^^^^^^^^^^^^^^
  File "/home/yannickh00/.local/lib/python3.12/site-packages/distributed/core.py", line 1018, in send_recv
    response = await comm.read(deserializers=deserializers)
               ^^^^^^^^^^^^^^^^^^^^^^^^^^^^^^^^^^^^^^^^^^^^
  File "/home/yannickh00/.local/lib/python3.12/site-packages/distributed/comm/tcp.py", line 236, in read
    convert_stream_closed_error(self, e)
  File "/home/yannickh00/.local/lib/python3.12/site-packages/distributed/comm/tcp.py", line 142, in convert_stream_closed_error
    raise CommClosedError(f"in {obj}: {exc}") from exc
distributed.comm.core.CommClosedError: in <TCP (closed) ConnectionPool.heartbeat_worker local=tcp://127.0.0.1:50728 remote=tcp://127.0.0.1:34799>: Stream is closed
2025-01-19 13:08:57,329 - distributed.worker - ERROR - Failed to communicate with scheduler during heartbeat.
Traceback (most recent call last):
  File "/home/yannickh00/.local/lib/python3.12/site-packages/distributed/comm/tcp.py", line 225, in read
    frames_nosplit_nbytes_bin = await stream.read_bytes(fmt_size)
                                ^^^^^^^^^^^^^^^^^^^^^^^^^^^^^^^^^
tornado.iostream.StreamClosedError: Stream is closed

The above exception was the direct cause of the following exception:

Traceback (most recent call last):
  File "/home/yannickh00/.local/lib/python3.12/site-packages/distributed/worker.py", line 1269, in heartbeat
    response = await retry_operation(
               ^^^^^^^^^^^^^^^^^^^^^^
  File "/home/yannickh00/.local/lib/python3.12/site-packages/distributed/utils_comm.py", line 441, in retry_operation
    return await retry(
           ^^^^^^^^^^^^
  File "/home/yannickh00/.local/lib/python3.12/site-packages/distributed/utils_comm.py", line 420, in retry
    return await coro()
           ^^^^^^^^^^^^
  File "/home/yannickh00/.local/lib/python3.12/site-packages/distributed/core.py", line 1259, in send_recv_from_rpc
    return await send_recv(comm=comm, op=key, **kwargs)
           ^^^^^^^^^^^^^^^^^^^^^^^^^^^^^^^^^^^^^^^^^^^^
  File "/home/yannickh00/.local/lib/python3.12/site-packages/distributed/core.py", line 1018, in send_recv
    response = await comm.read(deserializers=deserializers)
               ^^^^^^^^^^^^^^^^^^^^^^^^^^^^^^^^^^^^^^^^^^^^
  File "/home/yannickh00/.local/lib/python3.12/site-packages/distributed/comm/tcp.py", line 236, in read
    convert_stream_closed_error(self, e)
  File "/home/yannickh00/.local/lib/python3.12/site-packages/distributed/comm/tcp.py", line 142, in convert_stream_closed_error
    raise CommClosedError(f"in {obj}: {exc}") from exc
distributed.comm.core.CommClosedError: in <TCP (closed) ConnectionPool.heartbeat_worker local=tcp://127.0.0.1:50758 remote=tcp://127.0.0.1:34799>: Stream is closed
2025-01-19 13:08:57,329 - distributed.worker - ERROR - Failed to communicate with scheduler during heartbeat.
Traceback (most recent call last):
  File "/home/yannickh00/.local/lib/python3.12/site-packages/distributed/comm/tcp.py", line 225, in read
    frames_nosplit_nbytes_bin = await stream.read_bytes(fmt_size)
                                ^^^^^^^^^^^^^^^^^^^^^^^^^^^^^^^^^
tornado.iostream.StreamClosedError: Stream is closed

The above exception was the direct cause of the following exception:

Traceback (most recent call last):
  File "/home/yannickh00/.local/lib/python3.12/site-packages/distributed/worker.py", line 1269, in heartbeat
    response = await retry_operation(
               ^^^^^^^^^^^^^^^^^^^^^^
  File "/home/yannickh00/.local/lib/python3.12/site-packages/distributed/utils_comm.py", line 441, in retry_operation
    return await retry(
           ^^^^^^^^^^^^
  File "/home/yannickh00/.local/lib/python3.12/site-packages/distributed/utils_comm.py", line 420, in retry
    return await coro()
           ^^^^^^^^^^^^
  File "/home/yannickh00/.local/lib/python3.12/site-packages/distributed/core.py", line 1259, in send_recv_from_rpc
    return await send_recv(comm=comm, op=key, **kwargs)
           ^^^^^^^^^^^^^^^^^^^^^^^^^^^^^^^^^^^^^^^^^^^^
  File "/home/yannickh00/.local/lib/python3.12/site-packages/distributed/core.py", line 1018, in send_recv
    response = await comm.read(deserializers=deserializers)
               ^^^^^^^^^^^^^^^^^^^^^^^^^^^^^^^^^^^^^^^^^^^^
  File "/home/yannickh00/.local/lib/python3.12/site-packages/distributed/comm/tcp.py", line 236, in read
    convert_stream_closed_error(self, e)
  File "/home/yannickh00/.local/lib/python3.12/site-packages/distributed/comm/tcp.py", line 142, in convert_stream_closed_error
    raise CommClosedError(f"in {obj}: {exc}") from exc
distributed.comm.core.CommClosedError: in <TCP (closed) ConnectionPool.heartbeat_worker local=tcp://127.0.0.1:50750 remote=tcp://127.0.0.1:34799>: Stream is closed
<xarray.Dataset> Size: 8GB
Dimensions:     (valid_time: 8784, latitude: 145, longitude: 261)
Coordinates:
    number      int64 8B 0
  * valid_time  (valid_time) datetime64[ns] 70kB 2004-01-01 ... 2004-12-31T23...
  * latitude    (latitude) float64 1kB 71.0 70.75 70.5 70.25 ... 35.5 35.25 35.0
  * longitude   (longitude) float64 2kB -25.0 -24.75 -24.5 ... 39.5 39.75 40.0
    expver      (valid_time) <U4 141kB dask.array<chunksize=(744,), meta=np.ndarray>
Data variables:
    t2m         (valid_time, latitude, longitude) float32 1GB dask.array<chunksize=(744, 45, 100), meta=np.ndarray>
    ssrd        (valid_time, latitude, longitude) float32 1GB dask.array<chunksize=(744, 45, 100), meta=np.ndarray>
    ssrdc       (valid_time, latitude, longitude) float32 1GB dask.array<chunksize=(744, 45, 100), meta=np.ndarray>
    u10         (valid_time, latitude, longitude) float32 1GB dask.array<chunksize=(744, 45, 100), meta=np.ndarray>
    v10         (valid_time, latitude, longitude) float32 1GB dask.array<chunksize=(744, 45, 100), meta=np.ndarray>
    wspd        (valid_time, latitude, longitude) float32 1GB dask.array<chunksize=(744, 45, 100), meta=np.ndarray>
Attributes:
    GRIB_centre:             ecmf
    GRIB_centreDescription:  European Centre for Medium-Range Weather Forecasts
    GRIB_subCentre:          0
    Conventions:             CF-1.7
    institution:             European Centre for Medium-Range Weather Forecasts
    history:                 2024-10-25T11:15 GRIB to CDM+CF via cfgrib-0.9.1...
Program took 13.5461 seconds
Processing year: 2005
Importing 12 files
Calculating pv mean
<xarray.Dataset> Size: 8GB
Dimensions:     (valid_time: 8760, latitude: 145, longitude: 261)
Coordinates:
    number      int64 8B 0
  * valid_time  (valid_time) datetime64[ns] 70kB 2005-01-01 ... 2005-12-31T23...
  * latitude    (latitude) float64 1kB 71.0 70.75 70.5 70.25 ... 35.5 35.25 35.0
  * longitude   (longitude) float64 2kB -25.0 -24.75 -24.5 ... 39.5 39.75 40.0
    expver      (valid_time) <U4 140kB dask.array<chunksize=(744,), meta=np.ndarray>
Data variables:
    t2m         (valid_time, latitude, longitude) float32 1GB dask.array<chunksize=(744, 45, 100), meta=np.ndarray>
    ssrd        (valid_time, latitude, longitude) float32 1GB dask.array<chunksize=(744, 45, 100), meta=np.ndarray>
    ssrdc       (valid_time, latitude, longitude) float32 1GB dask.array<chunksize=(744, 45, 100), meta=np.ndarray>
    u10         (valid_time, latitude, longitude) float32 1GB dask.array<chunksize=(744, 45, 100), meta=np.ndarray>
    v10         (valid_time, latitude, longitude) float32 1GB dask.array<chunksize=(744, 45, 100), meta=np.ndarray>
    wspd        (valid_time, latitude, longitude) float32 1GB dask.array<chunksize=(744, 45, 100), meta=np.ndarray>
Attributes:
    GRIB_centre:             ecmf
    GRIB_centreDescription:  European Centre for Medium-Range Weather Forecasts
    GRIB_subCentre:          0
    Conventions:             CF-1.7
    institution:             European Centre for Medium-Range Weather Forecasts
    history:                 2024-10-26T07:13 GRIB to CDM+CF via cfgrib-0.9.1...
Program took 14.0798 seconds
Processing year: 2006
Importing 12 files
Calculating pv mean
<xarray.Dataset> Size: 8GB
Dimensions:     (valid_time: 8760, latitude: 145, longitude: 261)
Coordinates:
    number      int64 8B 0
  * valid_time  (valid_time) datetime64[ns] 70kB 2006-01-01 ... 2006-12-31T23...
  * latitude    (latitude) float64 1kB 71.0 70.75 70.5 70.25 ... 35.5 35.25 35.0
  * longitude   (longitude) float64 2kB -25.0 -24.75 -24.5 ... 39.5 39.75 40.0
    expver      (valid_time) <U4 140kB dask.array<chunksize=(744,), meta=np.ndarray>
Data variables:
    t2m         (valid_time, latitude, longitude) float32 1GB dask.array<chunksize=(744, 45, 100), meta=np.ndarray>
    ssrd        (valid_time, latitude, longitude) float32 1GB dask.array<chunksize=(744, 45, 100), meta=np.ndarray>
    ssrdc       (valid_time, latitude, longitude) float32 1GB dask.array<chunksize=(744, 45, 100), meta=np.ndarray>
    u10         (valid_time, latitude, longitude) float32 1GB dask.array<chunksize=(744, 45, 100), meta=np.ndarray>
    v10         (valid_time, latitude, longitude) float32 1GB dask.array<chunksize=(744, 45, 100), meta=np.ndarray>
    wspd        (valid_time, latitude, longitude) float32 1GB dask.array<chunksize=(744, 45, 100), meta=np.ndarray>
Attributes:
    GRIB_centre:             ecmf
    GRIB_centreDescription:  European Centre for Medium-Range Weather Forecasts
    GRIB_subCentre:          0
    Conventions:             CF-1.7
    institution:             European Centre for Medium-Range Weather Forecasts
    history:                 2024-10-26T11:06 GRIB to CDM+CF via cfgrib-0.9.1...
Program took 14.2025 seconds
Processing year: 2007
Importing 12 files
Calculating pv mean
<xarray.Dataset> Size: 8GB
Dimensions:     (valid_time: 8760, latitude: 145, longitude: 261)
Coordinates:
    number      int64 8B 0
  * valid_time  (valid_time) datetime64[ns] 70kB 2007-01-01 ... 2007-12-31T23...
  * latitude    (latitude) float64 1kB 71.0 70.75 70.5 70.25 ... 35.5 35.25 35.0
  * longitude   (longitude) float64 2kB -25.0 -24.75 -24.5 ... 39.5 39.75 40.0
    expver      (valid_time) <U4 140kB dask.array<chunksize=(744,), meta=np.ndarray>
Data variables:
    t2m         (valid_time, latitude, longitude) float32 1GB dask.array<chunksize=(744, 45, 100), meta=np.ndarray>
    ssrd        (valid_time, latitude, longitude) float32 1GB dask.array<chunksize=(744, 45, 100), meta=np.ndarray>
    ssrdc       (valid_time, latitude, longitude) float32 1GB dask.array<chunksize=(744, 45, 100), meta=np.ndarray>
    u10         (valid_time, latitude, longitude) float32 1GB dask.array<chunksize=(744, 45, 100), meta=np.ndarray>
    v10         (valid_time, latitude, longitude) float32 1GB dask.array<chunksize=(744, 45, 100), meta=np.ndarray>
    wspd        (valid_time, latitude, longitude) float32 1GB dask.array<chunksize=(744, 45, 100), meta=np.ndarray>
Attributes:
    GRIB_centre:             ecmf
    GRIB_centreDescription:  European Centre for Medium-Range Weather Forecasts
    GRIB_subCentre:          0
    Conventions:             CF-1.7
    institution:             European Centre for Medium-Range Weather Forecasts
    history:                 2024-10-26T19:44 GRIB to CDM+CF via cfgrib-0.9.1...
Program took 14.9520 seconds
Processing year: 2008
Importing 12 files
Calculating pv mean
<xarray.Dataset> Size: 8GB
Dimensions:     (valid_time: 8784, latitude: 145, longitude: 261)
Coordinates:
    number      int64 8B 0
  * valid_time  (valid_time) datetime64[ns] 70kB 2008-01-01 ... 2008-12-31T23...
  * latitude    (latitude) float64 1kB 71.0 70.75 70.5 70.25 ... 35.5 35.25 35.0
  * longitude   (longitude) float64 2kB -25.0 -24.75 -24.5 ... 39.5 39.75 40.0
    expver      (valid_time) <U4 141kB dask.array<chunksize=(744,), meta=np.ndarray>
Data variables:
    t2m         (valid_time, latitude, longitude) float32 1GB dask.array<chunksize=(744, 45, 100), meta=np.ndarray>
    ssrd        (valid_time, latitude, longitude) float32 1GB dask.array<chunksize=(744, 45, 100), meta=np.ndarray>
    ssrdc       (valid_time, latitude, longitude) float32 1GB dask.array<chunksize=(744, 45, 100), meta=np.ndarray>
    u10         (valid_time, latitude, longitude) float32 1GB dask.array<chunksize=(744, 45, 100), meta=np.ndarray>
    v10         (valid_time, latitude, longitude) float32 1GB dask.array<chunksize=(744, 45, 100), meta=np.ndarray>
    wspd        (valid_time, latitude, longitude) float32 1GB dask.array<chunksize=(744, 45, 100), meta=np.ndarray>
Attributes:
    GRIB_centre:             ecmf
    GRIB_centreDescription:  European Centre for Medium-Range Weather Forecasts
    GRIB_subCentre:          0
    Conventions:             CF-1.7
    institution:             European Centre for Medium-Range Weather Forecasts
    history:                 2024-10-27T13:02 GRIB to CDM+CF via cfgrib-0.9.1...
Program took 14.6849 seconds
Processing year: 2009
Importing 12 files
Calculating pv mean
<xarray.Dataset> Size: 8GB
Dimensions:     (valid_time: 8760, latitude: 145, longitude: 261)
Coordinates:
    number      int64 8B 0
  * valid_time  (valid_time) datetime64[ns] 70kB 2009-01-01 ... 2009-12-31T23...
  * latitude    (latitude) float64 1kB 71.0 70.75 70.5 70.25 ... 35.5 35.25 35.0
  * longitude   (longitude) float64 2kB -25.0 -24.75 -24.5 ... 39.5 39.75 40.0
    expver      (valid_time) <U4 140kB dask.array<chunksize=(744,), meta=np.ndarray>
Data variables:
    t2m         (valid_time, latitude, longitude) float32 1GB dask.array<chunksize=(744, 45, 100), meta=np.ndarray>
    ssrd        (valid_time, latitude, longitude) float32 1GB dask.array<chunksize=(744, 45, 100), meta=np.ndarray>
    ssrdc       (valid_time, latitude, longitude) float32 1GB dask.array<chunksize=(744, 45, 100), meta=np.ndarray>
    u10         (valid_time, latitude, longitude) float32 1GB dask.array<chunksize=(744, 45, 100), meta=np.ndarray>
    v10         (valid_time, latitude, longitude) float32 1GB dask.array<chunksize=(744, 45, 100), meta=np.ndarray>
    wspd        (valid_time, latitude, longitude) float32 1GB dask.array<chunksize=(744, 45, 100), meta=np.ndarray>
Attributes:
    GRIB_centre:             ecmf
    GRIB_centreDescription:  European Centre for Medium-Range Weather Forecasts
    GRIB_subCentre:          0
    Conventions:             CF-1.7
    institution:             European Centre for Medium-Range Weather Forecasts
    history:                 2024-10-27T18:26 GRIB to CDM+CF via cfgrib-0.9.1...
Program took 14.0725 seconds
Processing year: 2010
Importing 12 files
Calculating pv mean
<xarray.Dataset> Size: 8GB
Dimensions:     (valid_time: 8760, latitude: 145, longitude: 261)
Coordinates:
    number      int64 8B 0
  * valid_time  (valid_time) datetime64[ns] 70kB 2010-01-01 ... 2010-12-31T23...
  * latitude    (latitude) float64 1kB 71.0 70.75 70.5 70.25 ... 35.5 35.25 35.0
  * longitude   (longitude) float64 2kB -25.0 -24.75 -24.5 ... 39.5 39.75 40.0
    expver      (valid_time) <U4 140kB dask.array<chunksize=(744,), meta=np.ndarray>
Data variables:
    t2m         (valid_time, latitude, longitude) float32 1GB dask.array<chunksize=(744, 45, 100), meta=np.ndarray>
    ssrd        (valid_time, latitude, longitude) float32 1GB dask.array<chunksize=(744, 45, 100), meta=np.ndarray>
    ssrdc       (valid_time, latitude, longitude) float32 1GB dask.array<chunksize=(744, 45, 100), meta=np.ndarray>
    u10         (valid_time, latitude, longitude) float32 1GB dask.array<chunksize=(744, 45, 100), meta=np.ndarray>
    v10         (valid_time, latitude, longitude) float32 1GB dask.array<chunksize=(744, 45, 100), meta=np.ndarray>
    wspd        (valid_time, latitude, longitude) float32 1GB dask.array<chunksize=(744, 45, 100), meta=np.ndarray>
Attributes:
    GRIB_centre:             ecmf
    GRIB_centreDescription:  European Centre for Medium-Range Weather Forecasts
    GRIB_subCentre:          0
    Conventions:             CF-1.7
    institution:             European Centre for Medium-Range Weather Forecasts
    history:                 2024-10-29T05:48 GRIB to CDM+CF via cfgrib-0.9.1...
Program took 15.3176 seconds
Coarse data computation completed for all years
